{"C:\\Users\\Pc\\Desktop\\realtime-collab-backend\\src\\middleware\\auth.middleware.ts": {"path":"C:\\Users\\Pc\\Desktop\\realtime-collab-backend\\src\\middleware\\auth.middleware.ts","statementMap":{"0":{"start":{"line":7,"column":28},"end":{"line":31,"column":null}},"1":{"start":{"line":12,"column":21},"end":{"line":12,"column":null}},"2":{"start":{"line":14,"column":16},"end":{"line":14,"column":null}},"3":{"start":{"line":16,"column":2},"end":{"line":18,"column":null}},"4":{"start":{"line":17,"column":4},"end":{"line":17,"column":null}},"5":{"start":{"line":20,"column":2},"end":{"line":30,"column":null}},"6":{"start":{"line":21,"column":20},"end":{"line":21,"column":null}},"7":{"start":{"line":24,"column":4},"end":{"line":24,"column":null}},"8":{"start":{"line":25,"column":4},"end":{"line":25,"column":null}},"9":{"start":{"line":27,"column":4},"end":{"line":29,"column":null}},"10":{"start":{"line":35,"column":35},"end":{"line":65,"column":null}},"11":{"start":{"line":36,"column":2},"end":{"line":64,"column":null}},"12":{"start":{"line":37,"column":19},"end":{"line":37,"column":null}},"13":{"start":{"line":38,"column":26},"end":{"line":38,"column":null}},"14":{"start":{"line":39,"column":4},"end":{"line":43,"column":null}},"15":{"start":{"line":40,"column":6},"end":{"line":42,"column":null}},"16":{"start":{"line":45,"column":4},"end":{"line":63,"column":null}},"17":{"start":{"line":46,"column":22},"end":{"line":48,"column":null}},"18":{"start":{"line":51,"column":6},"end":{"line":56,"column":null}},"19":{"start":{"line":52,"column":8},"end":{"line":55,"column":null}},"20":{"start":{"line":58,"column":6},"end":{"line":58,"column":null}},"21":{"start":{"line":60,"column":6},"end":{"line":62,"column":null}}},"fnMap":{"0":{"name":"(anonymous_0)","decl":{"start":{"line":7,"column":28},"end":{"line":7,"column":null}},"loc":{"start":{"line":11,"column":5},"end":{"line":31,"column":null}},"line":11},"1":{"name":"(anonymous_1)","decl":{"start":{"line":35,"column":35},"end":{"line":35,"column":36}},"loc":{"start":{"line":35,"column":63},"end":{"line":65,"column":null}},"line":35},"2":{"name":"(anonymous_2)","decl":{"start":{"line":36,"column":9},"end":{"line":36,"column":16}},"loc":{"start":{"line":36,"column":68},"end":{"line":64,"column":null}},"line":36}},"branchMap":{"0":{"loc":{"start":{"line":14,"column":16},"end":{"line":14,"column":null}},"type":"binary-expr","locations":[{"start":{"line":14,"column":16},"end":{"line":14,"column":30}},{"start":{"line":14,"column":30},"end":{"line":14,"column":null}}],"line":14},"1":{"loc":{"start":{"line":16,"column":2},"end":{"line":18,"column":null}},"type":"if","locations":[{"start":{"line":16,"column":2},"end":{"line":18,"column":null}},{"start":{},"end":{}}],"line":16},"2":{"loc":{"start":{"line":39,"column":4},"end":{"line":43,"column":null}},"type":"if","locations":[{"start":{"line":39,"column":4},"end":{"line":43,"column":null}},{"start":{},"end":{}}],"line":39},"3":{"loc":{"start":{"line":51,"column":6},"end":{"line":56,"column":null}},"type":"if","locations":[{"start":{"line":51,"column":6},"end":{"line":56,"column":null}},{"start":{},"end":{}}],"line":51},"4":{"loc":{"start":{"line":51,"column":10},"end":{"line":51,"column":75}},"type":"binary-expr","locations":[{"start":{"line":51,"column":10},"end":{"line":51,"column":34}},{"start":{"line":51,"column":34},"end":{"line":51,"column":75}}],"line":51}},"s":{"0":1,"1":1,"2":1,"3":1,"4":1,"5":0,"6":0,"7":0,"8":0,"9":0,"10":1,"11":0,"12":0,"13":0,"14":0,"15":0,"16":0,"17":0,"18":0,"19":0,"20":0,"21":0},"f":{"0":1,"1":0,"2":0},"b":{"0":[1,0],"1":[1,0],"2":[0,0],"3":[0,0],"4":[0,0]},"meta":{"lastBranch":5,"lastFunction":3,"lastStatement":22,"seen":{"s:7:28:31:Infinity":0,"f:7:28:7:Infinity":0,"s:12:21:12:Infinity":1,"s:14:16:14:Infinity":2,"b:14:16:14:30:14:30:14:Infinity":0,"b:16:2:18:Infinity:undefined:undefined:undefined:undefined":1,"s:16:2:18:Infinity":3,"s:17:4:17:Infinity":4,"s:20:2:30:Infinity":5,"s:21:20:21:Infinity":6,"s:24:4:24:Infinity":7,"s:25:4:25:Infinity":8,"s:27:4:29:Infinity":9,"s:35:35:65:Infinity":10,"f:35:35:35:36":1,"s:36:2:64:Infinity":11,"f:36:9:36:16":2,"s:37:19:37:Infinity":12,"s:38:26:38:Infinity":13,"b:39:4:43:Infinity:undefined:undefined:undefined:undefined":2,"s:39:4:43:Infinity":14,"s:40:6:42:Infinity":15,"s:45:4:63:Infinity":16,"s:46:22:48:Infinity":17,"b:51:6:56:Infinity:undefined:undefined:undefined:undefined":3,"s:51:6:56:Infinity":18,"b:51:10:51:34:51:34:51:75":4,"s:52:8:55:Infinity":19,"s:58:6:58:Infinity":20,"s:60:6:62:Infinity":21}}}
,"C:\\Users\\Pc\\Desktop\\realtime-collab-backend\\src\\modules\\auth\\auth.repository.ts": {"path":"C:\\Users\\Pc\\Desktop\\realtime-collab-backend\\src\\modules\\auth\\auth.repository.ts","statementMap":{"0":{"start":{"line":3,"column":31},"end":{"line":10,"column":null}},"1":{"start":{"line":4,"column":15},"end":{"line":7,"column":null}},"2":{"start":{"line":9,"column":2},"end":{"line":9,"column":null}},"3":{"start":{"line":12,"column":26},"end":{"line":23,"column":null}},"4":{"start":{"line":17,"column":15},"end":{"line":19,"column":null}},"5":{"start":{"line":22,"column":2},"end":{"line":22,"column":null}}},"fnMap":{"0":{"name":"(anonymous_0)","decl":{"start":{"line":3,"column":31},"end":{"line":3,"column":38}},"loc":{"start":{"line":3,"column":56},"end":{"line":10,"column":null}},"line":3},"1":{"name":"(anonymous_1)","decl":{"start":{"line":12,"column":26},"end":{"line":12,"column":null}},"loc":{"start":{"line":16,"column":5},"end":{"line":23,"column":null}},"line":16}},"branchMap":{},"s":{"0":1,"1":0,"2":0,"3":1,"4":0,"5":0},"f":{"0":0,"1":0},"b":{},"meta":{"lastBranch":0,"lastFunction":2,"lastStatement":6,"seen":{"s:3:31:10:Infinity":0,"f:3:31:3:38":0,"s:4:15:7:Infinity":1,"s:9:2:9:Infinity":2,"s:12:26:23:Infinity":3,"f:12:26:12:Infinity":1,"s:17:15:19:Infinity":4,"s:22:2:22:Infinity":5}}}
,"C:\\Users\\Pc\\Desktop\\realtime-collab-backend\\src\\modules\\auth\\auth.service.ts": {"path":"C:\\Users\\Pc\\Desktop\\realtime-collab-backend\\src\\modules\\auth\\auth.service.ts","statementMap":{"0":{"start":{"line":7,"column":28},"end":{"line":21,"column":null}},"1":{"start":{"line":12,"column":23},"end":{"line":12,"column":null}},"2":{"start":{"line":14,"column":2},"end":{"line":16,"column":null}},"3":{"start":{"line":15,"column":4},"end":{"line":15,"column":null}},"4":{"start":{"line":18,"column":25},"end":{"line":18,"column":null}},"5":{"start":{"line":19,"column":15},"end":{"line":19,"column":null}},"6":{"start":{"line":20,"column":2},"end":{"line":20,"column":null}},"7":{"start":{"line":24,"column":25},"end":{"line":49,"column":null}},"8":{"start":{"line":25,"column":15},"end":{"line":25,"column":null}},"9":{"start":{"line":27,"column":2},"end":{"line":29,"column":null}},"10":{"start":{"line":28,"column":4},"end":{"line":28,"column":null}},"11":{"start":{"line":31,"column":18},"end":{"line":31,"column":null}},"12":{"start":{"line":32,"column":2},"end":{"line":34,"column":null}},"13":{"start":{"line":33,"column":4},"end":{"line":33,"column":null}},"14":{"start":{"line":36,"column":22},"end":{"line":44,"column":null}},"15":{"start":{"line":45,"column":23},"end":{"line":47,"column":null}},"16":{"start":{"line":48,"column":2},"end":{"line":48,"column":null}}},"fnMap":{"0":{"name":"(anonymous_0)","decl":{"start":{"line":7,"column":28},"end":{"line":7,"column":null}},"loc":{"start":{"line":11,"column":5},"end":{"line":21,"column":null}},"line":11},"1":{"name":"(anonymous_1)","decl":{"start":{"line":24,"column":25},"end":{"line":24,"column":32}},"loc":{"start":{"line":24,"column":68},"end":{"line":49,"column":null}},"line":24}},"branchMap":{"0":{"loc":{"start":{"line":14,"column":2},"end":{"line":16,"column":null}},"type":"if","locations":[{"start":{"line":14,"column":2},"end":{"line":16,"column":null}},{"start":{},"end":{}}],"line":14},"1":{"loc":{"start":{"line":27,"column":2},"end":{"line":29,"column":null}},"type":"if","locations":[{"start":{"line":27,"column":2},"end":{"line":29,"column":null}},{"start":{},"end":{}}],"line":27},"2":{"loc":{"start":{"line":32,"column":2},"end":{"line":34,"column":null}},"type":"if","locations":[{"start":{"line":32,"column":2},"end":{"line":34,"column":null}},{"start":{},"end":{}}],"line":32}},"s":{"0":1,"1":2,"2":2,"3":1,"4":1,"5":1,"6":1,"7":1,"8":0,"9":0,"10":0,"11":0,"12":0,"13":0,"14":0,"15":0,"16":0},"f":{"0":2,"1":0},"b":{"0":[1,1],"1":[0,0],"2":[0,0]},"meta":{"lastBranch":3,"lastFunction":2,"lastStatement":17,"seen":{"s:7:28:21:Infinity":0,"f:7:28:7:Infinity":0,"s:12:23:12:Infinity":1,"b:14:2:16:Infinity:undefined:undefined:undefined:undefined":0,"s:14:2:16:Infinity":2,"s:15:4:15:Infinity":3,"s:18:25:18:Infinity":4,"s:19:15:19:Infinity":5,"s:20:2:20:Infinity":6,"s:24:25:49:Infinity":7,"f:24:25:24:32":1,"s:25:15:25:Infinity":8,"b:27:2:29:Infinity:undefined:undefined:undefined:undefined":1,"s:27:2:29:Infinity":9,"s:28:4:28:Infinity":10,"s:31:18:31:Infinity":11,"b:32:2:34:Infinity:undefined:undefined:undefined:undefined":2,"s:32:2:34:Infinity":12,"s:33:4:33:Infinity":13,"s:36:22:44:Infinity":14,"s:45:23:47:Infinity":15,"s:48:2:48:Infinity":16}}}
,"C:\\Users\\Pc\\Desktop\\realtime-collab-backend\\src\\modules\\projects\\project.service.ts": {"path":"C:\\Users\\Pc\\Desktop\\realtime-collab-backend\\src\\modules\\projects\\project.service.ts","statementMap":{"0":{"start":{"line":5,"column":29},"end":{"line":12,"column":null}},"1":{"start":{"line":6,"column":18},"end":{"line":6,"column":null}},"2":{"start":{"line":9,"column":2},"end":{"line":9,"column":null}},"3":{"start":{"line":11,"column":2},"end":{"line":11,"column":null}},"4":{"start":{"line":14,"column":32},"end":{"line":34,"column":null}},"5":{"start":{"line":15,"column":19},"end":{"line":15,"column":null}},"6":{"start":{"line":18,"column":17},"end":{"line":18,"column":null}},"7":{"start":{"line":19,"column":2},"end":{"line":22,"column":null}},"8":{"start":{"line":20,"column":4},"end":{"line":20,"column":null}},"9":{"start":{"line":21,"column":4},"end":{"line":21,"column":null}},"10":{"start":{"line":25,"column":2},"end":{"line":25,"column":null}},"11":{"start":{"line":26,"column":19},"end":{"line":26,"column":null}},"12":{"start":{"line":29,"column":2},"end":{"line":31,"column":null}},"13":{"start":{"line":30,"column":4},"end":{"line":30,"column":null}},"14":{"start":{"line":33,"column":2},"end":{"line":33,"column":null}},"15":{"start":{"line":36,"column":34},"end":{"line":48,"column":null}},"16":{"start":{"line":37,"column":15},"end":{"line":37,"column":null}},"17":{"start":{"line":38,"column":2},"end":{"line":40,"column":null}},"18":{"start":{"line":39,"column":4},"end":{"line":39,"column":null}},"19":{"start":{"line":42,"column":21},"end":{"line":42,"column":null}},"20":{"start":{"line":45,"column":2},"end":{"line":45,"column":null}},"21":{"start":{"line":47,"column":2},"end":{"line":47,"column":null}}},"fnMap":{"0":{"name":"(anonymous_0)","decl":{"start":{"line":5,"column":29},"end":{"line":5,"column":36}},"loc":{"start":{"line":5,"column":90},"end":{"line":12,"column":null}},"line":5},"1":{"name":"(anonymous_1)","decl":{"start":{"line":14,"column":32},"end":{"line":14,"column":39}},"loc":{"start":{"line":14,"column":58},"end":{"line":34,"column":null}},"line":14},"2":{"name":"(anonymous_2)","decl":{"start":{"line":36,"column":34},"end":{"line":36,"column":41}},"loc":{"start":{"line":36,"column":111},"end":{"line":48,"column":null}},"line":36}},"branchMap":{"0":{"loc":{"start":{"line":19,"column":2},"end":{"line":22,"column":null}},"type":"if","locations":[{"start":{"line":19,"column":2},"end":{"line":22,"column":null}},{"start":{},"end":{}}],"line":19},"1":{"loc":{"start":{"line":29,"column":2},"end":{"line":31,"column":null}},"type":"if","locations":[{"start":{"line":29,"column":2},"end":{"line":31,"column":null}},{"start":{},"end":{}}],"line":29},"2":{"loc":{"start":{"line":38,"column":2},"end":{"line":40,"column":null}},"type":"if","locations":[{"start":{"line":38,"column":2},"end":{"line":40,"column":null}},{"start":{},"end":{}}],"line":38}},"s":{"0":1,"1":0,"2":0,"3":0,"4":1,"5":2,"6":2,"7":2,"8":1,"9":1,"10":1,"11":1,"12":1,"13":1,"14":1,"15":1,"16":0,"17":0,"18":0,"19":0,"20":0,"21":0},"f":{"0":0,"1":2,"2":0},"b":{"0":[1,1],"1":[1,0],"2":[0,0]},"meta":{"lastBranch":3,"lastFunction":3,"lastStatement":22,"seen":{"s:5:29:12:Infinity":0,"f:5:29:5:36":0,"s:6:18:6:Infinity":1,"s:9:2:9:Infinity":2,"s:11:2:11:Infinity":3,"s:14:32:34:Infinity":4,"f:14:32:14:39":1,"s:15:19:15:Infinity":5,"s:18:17:18:Infinity":6,"b:19:2:22:Infinity:undefined:undefined:undefined:undefined":0,"s:19:2:22:Infinity":7,"s:20:4:20:Infinity":8,"s:21:4:21:Infinity":9,"s:25:2:25:Infinity":10,"s:26:19:26:Infinity":11,"b:29:2:31:Infinity:undefined:undefined:undefined:undefined":1,"s:29:2:31:Infinity":12,"s:30:4:30:Infinity":13,"s:33:2:33:Infinity":14,"s:36:34:48:Infinity":15,"f:36:34:36:41":2,"s:37:15:37:Infinity":16,"b:38:2:40:Infinity:undefined:undefined:undefined:undefined":2,"s:38:2:40:Infinity":17,"s:39:4:39:Infinity":18,"s:42:21:42:Infinity":19,"s:45:2:45:Infinity":20,"s:47:2:47:Infinity":21}}}
,"C:\\Users\\Pc\\Desktop\\realtime-collab-backend\\src\\utils\\db.ts": {"path":"C:\\Users\\Pc\\Desktop\\realtime-collab-backend\\src\\utils\\db.ts","statementMap":{"0":{"start":{"line":3,"column":0},"end":{"line":3,"column":null}},"1":{"start":{"line":5,"column":13},"end":{"line":5,"column":null}}},"fnMap":{},"branchMap":{},"s":{"0":3,"1":3},"f":{},"b":{},"meta":{"lastBranch":0,"lastFunction":0,"lastStatement":2,"seen":{"s:3:0:3:Infinity":0,"s:5:13:5:Infinity":1}}}
}
